2021-06-02 10:39:27.468  INFO 2536 --- [restartedMain] com.mrh.community.CommunityApplication   : Starting CommunityApplication on LAPTOP-73VGEIE5 with PID 2536 (D:\Git_Workspace\communtity\target\classes started by Jacky_Hjq in D:\Git_Workspace\communtity)
2021-06-02 10:39:27.468  INFO 2536 --- [restartedMain] com.mrh.community.CommunityApplication   : No active profile set, falling back to default profiles: default
2021-06-02 10:39:27.578  INFO 2536 --- [restartedMain] .e.DevToolsPropertyDefaultsPostProcessor : Devtools property defaults active! Set 'spring.devtools.add-properties' to 'false' to disable
2021-06-02 10:39:27.578  INFO 2536 --- [restartedMain] .e.DevToolsPropertyDefaultsPostProcessor : For additional web related logging consider setting the 'logging.level.web' property to 'DEBUG'
2021-06-02 10:39:27.672  WARN 2536 --- [background-preinit] o.s.h.c.j.Jackson2ObjectMapperBuilder    : For Jackson Kotlin classes support please add "com.fasterxml.jackson.module:jackson-module-kotlin" to the classpath
2021-06-02 10:39:29.281  INFO 2536 --- [restartedMain] o.s.b.w.embedded.tomcat.TomcatWebServer  : Tomcat initialized with port(s): 80 (http)
2021-06-02 10:39:29.296  INFO 2536 --- [restartedMain] o.apache.catalina.core.StandardService   : Starting service [Tomcat]
2021-06-02 10:39:29.296  INFO 2536 --- [restartedMain] org.apache.catalina.core.StandardEngine  : Starting Servlet engine: [Apache Tomcat/9.0.29]
2021-06-02 10:39:29.359  INFO 2536 --- [restartedMain] o.a.c.c.C.[Tomcat].[localhost].[/]       : Initializing Spring embedded WebApplicationContext
2021-06-02 10:39:29.359  INFO 2536 --- [restartedMain] o.s.web.context.ContextLoader            : Root WebApplicationContext: initialization completed in 1781 ms
2021-06-02 10:39:29.405  INFO 2536 --- [restartedMain] com.zaxxer.hikari.HikariDataSource       : HikariPool-1 - Starting...
2021-06-02 10:39:29.600  INFO 2536 --- [restartedMain] com.zaxxer.hikari.HikariDataSource       : HikariPool-1 - Start completed.
2021-06-02 10:39:29.600  INFO 2536 --- [restartedMain] o.s.b.a.h2.H2ConsoleAutoConfiguration    : H2 console available at '/h2-console'. Database available at 'jdbc:mysql://localhost:3306/community?useSSL=false&serverTimezone=UTC&nullCatalogMeansCurrent=true&characterEncoding=utf-8'
2021-06-02 10:39:30.186  INFO 2536 --- [restartedMain] o.s.s.concurrent.ThreadPoolTaskExecutor  : Initializing ExecutorService 'applicationTaskExecutor'
2021-06-02 10:39:30.264  INFO 2536 --- [restartedMain] o.s.b.a.w.s.WelcomePageHandlerMapping    : Adding welcome page template: index
2021-06-02 10:39:30.452  INFO 2536 --- [restartedMain] o.s.b.d.a.OptionalLiveReloadServer       : LiveReload server is running on port 35729
2021-06-02 10:39:30.501  INFO 2536 --- [restartedMain] o.s.b.w.embedded.tomcat.TomcatWebServer  : Tomcat started on port(s): 80 (http) with context path ''
2021-06-02 10:39:30.501  INFO 2536 --- [restartedMain] com.mrh.community.CommunityApplication   : Started CommunityApplication in 3.425 seconds (JVM running for 4.046)
2021-06-02 10:39:38.516  INFO 2536 --- [http-nio-80-exec-1] o.a.c.c.C.[Tomcat].[localhost].[/]       : Initializing Spring DispatcherServlet 'dispatcherServlet'
2021-06-02 10:39:38.516  INFO 2536 --- [http-nio-80-exec-1] o.s.web.servlet.DispatcherServlet        : Initializing Servlet 'dispatcherServlet'
2021-06-02 10:39:38.521  INFO 2536 --- [http-nio-80-exec-1] o.s.web.servlet.DispatcherServlet        : Completed initialization in 5 ms
2021-06-02 10:39:38.584 DEBUG 2536 --- [http-nio-80-exec-1] c.m.c.m.QuestionExtMapper.countBySearch  : ==>  Preparing: select count(*) from question 
2021-06-02 10:39:38.616 DEBUG 2536 --- [http-nio-80-exec-1] c.m.c.m.QuestionExtMapper.countBySearch  : ==> Parameters: 
2021-06-02 10:39:38.640 DEBUG 2536 --- [http-nio-80-exec-1] c.m.c.m.QuestionExtMapper.countBySearch  : <==      Total: 1
2021-06-02 10:39:38.642 DEBUG 2536 --- [http-nio-80-exec-1] c.m.c.m.Q.selectBySearch                 : ==>  Preparing: select * from question order by gmt_create desc limit ?,? 
2021-06-02 10:39:38.643 DEBUG 2536 --- [http-nio-80-exec-1] c.m.c.m.Q.selectBySearch                 : ==> Parameters: 0(Integer), 7(Integer)
2021-06-02 10:39:38.647 DEBUG 2536 --- [http-nio-80-exec-1] c.m.c.m.Q.selectBySearch                 : <==      Total: 7
2021-06-02 10:39:38.647 DEBUG 2536 --- [http-nio-80-exec-1] c.m.c.m.UserMapper.selectByPrimaryKey    : ==>  Preparing: select id, account_id, name, token, gmt_create, gmt_modified, bio, avatar_url from usertest where id = ? 
2021-06-02 10:39:38.648 DEBUG 2536 --- [http-nio-80-exec-1] c.m.c.m.UserMapper.selectByPrimaryKey    : ==> Parameters: 7(Long)
2021-06-02 10:39:38.649 DEBUG 2536 --- [http-nio-80-exec-1] c.m.c.m.UserMapper.selectByPrimaryKey    : <==      Total: 1
2021-06-02 10:39:38.654 DEBUG 2536 --- [http-nio-80-exec-1] c.m.c.m.UserMapper.selectByPrimaryKey    : ==>  Preparing: select id, account_id, name, token, gmt_create, gmt_modified, bio, avatar_url from usertest where id = ? 
2021-06-02 10:39:38.654 DEBUG 2536 --- [http-nio-80-exec-1] c.m.c.m.UserMapper.selectByPrimaryKey    : ==> Parameters: 6(Long)
2021-06-02 10:39:38.655 DEBUG 2536 --- [http-nio-80-exec-1] c.m.c.m.UserMapper.selectByPrimaryKey    : <==      Total: 1
2021-06-02 10:39:38.655 DEBUG 2536 --- [http-nio-80-exec-1] c.m.c.m.UserMapper.selectByPrimaryKey    : ==>  Preparing: select id, account_id, name, token, gmt_create, gmt_modified, bio, avatar_url from usertest where id = ? 
2021-06-02 10:39:38.655 DEBUG 2536 --- [http-nio-80-exec-1] c.m.c.m.UserMapper.selectByPrimaryKey    : ==> Parameters: 1(Long)
2021-06-02 10:39:38.655 DEBUG 2536 --- [http-nio-80-exec-1] c.m.c.m.UserMapper.selectByPrimaryKey    : <==      Total: 1
2021-06-02 10:39:38.670 DEBUG 2536 --- [http-nio-80-exec-1] c.m.c.m.UserMapper.selectByPrimaryKey    : ==>  Preparing: select id, account_id, name, token, gmt_create, gmt_modified, bio, avatar_url from usertest where id = ? 
2021-06-02 10:39:38.670 DEBUG 2536 --- [http-nio-80-exec-1] c.m.c.m.UserMapper.selectByPrimaryKey    : ==> Parameters: 1(Long)
2021-06-02 10:39:38.670 DEBUG 2536 --- [http-nio-80-exec-1] c.m.c.m.UserMapper.selectByPrimaryKey    : <==      Total: 1
2021-06-02 10:39:38.670 DEBUG 2536 --- [http-nio-80-exec-1] c.m.c.m.UserMapper.selectByPrimaryKey    : ==>  Preparing: select id, account_id, name, token, gmt_create, gmt_modified, bio, avatar_url from usertest where id = ? 
2021-06-02 10:39:38.670 DEBUG 2536 --- [http-nio-80-exec-1] c.m.c.m.UserMapper.selectByPrimaryKey    : ==> Parameters: 1(Long)
2021-06-02 10:39:38.670 DEBUG 2536 --- [http-nio-80-exec-1] c.m.c.m.UserMapper.selectByPrimaryKey    : <==      Total: 1
2021-06-02 10:39:38.670 DEBUG 2536 --- [http-nio-80-exec-1] c.m.c.m.UserMapper.selectByPrimaryKey    : ==>  Preparing: select id, account_id, name, token, gmt_create, gmt_modified, bio, avatar_url from usertest where id = ? 
2021-06-02 10:39:38.670 DEBUG 2536 --- [http-nio-80-exec-1] c.m.c.m.UserMapper.selectByPrimaryKey    : ==> Parameters: 1(Long)
2021-06-02 10:39:38.670 DEBUG 2536 --- [http-nio-80-exec-1] c.m.c.m.UserMapper.selectByPrimaryKey    : <==      Total: 1
2021-06-02 10:39:38.670 DEBUG 2536 --- [http-nio-80-exec-1] c.m.c.m.UserMapper.selectByPrimaryKey    : ==>  Preparing: select id, account_id, name, token, gmt_create, gmt_modified, bio, avatar_url from usertest where id = ? 
2021-06-02 10:39:38.670 DEBUG 2536 --- [http-nio-80-exec-1] c.m.c.m.UserMapper.selectByPrimaryKey    : ==> Parameters: 1(Long)
2021-06-02 10:39:38.670 DEBUG 2536 --- [http-nio-80-exec-1] c.m.c.m.UserMapper.selectByPrimaryKey    : <==      Total: 1
2021-06-02 10:39:38.670 DEBUG 2536 --- [http-nio-80-exec-1] c.m.c.m.QuestionExtMapper.selectPopular  : ==>  Preparing: select * from question order by view_count desc limit 15 
2021-06-02 10:39:38.670 DEBUG 2536 --- [http-nio-80-exec-1] c.m.c.m.QuestionExtMapper.selectPopular  : ==> Parameters: 
2021-06-02 10:39:38.670 DEBUG 2536 --- [http-nio-80-exec-1] c.m.c.m.QuestionExtMapper.selectPopular  : <==      Total: 7
2021-06-02 10:39:38.670 DEBUG 2536 --- [http-nio-80-exec-1] c.m.c.m.QuestionExtMapper.selectTop      : ==>  Preparing: select * from question order by comment_count desc limit 10 
2021-06-02 10:39:38.670 DEBUG 2536 --- [http-nio-80-exec-1] c.m.c.m.QuestionExtMapper.selectTop      : ==> Parameters: 
2021-06-02 10:39:38.670 DEBUG 2536 --- [http-nio-80-exec-1] c.m.c.m.QuestionExtMapper.selectTop      : <==      Total: 7
2021-06-02 10:39:38.686 DEBUG 2536 --- [http-nio-80-exec-1] c.m.c.mapper.UserExtMapper.selectUser    : ==>  Preparing: select * from usertest order by gmt_create desc limit 10 
2021-06-02 10:39:38.686 DEBUG 2536 --- [http-nio-80-exec-1] c.m.c.mapper.UserExtMapper.selectUser    : ==> Parameters: 
2021-06-02 10:39:38.686 DEBUG 2536 --- [http-nio-80-exec-1] c.m.c.mapper.UserExtMapper.selectUser    : <==      Total: 10
2021-06-02 10:40:14.895 DEBUG 2536 --- [http-nio-80-exec-9] c.m.c.m.R.loginCheckStatus               : ==>  Preparing: select * from registerUser where username = ? and password = ? 
2021-06-02 10:40:14.896 DEBUG 2536 --- [http-nio-80-exec-9] c.m.c.m.R.loginCheckStatus               : ==> Parameters: 奈文摩尔(String), 123456(String)
2021-06-02 10:40:14.901 DEBUG 2536 --- [http-nio-80-exec-9] c.m.c.m.R.loginCheckStatus               : <==      Total: 1
2021-06-02 10:40:14.918 DEBUG 2536 --- [http-nio-80-exec-9] c.m.c.mapper.UserMapper.selectByExample  : ==>  Preparing: select id, account_id, name, token, gmt_create, gmt_modified, bio, avatar_url from usertest WHERE ( name = ? ) 
2021-06-02 10:40:14.919 DEBUG 2536 --- [http-nio-80-exec-9] c.m.c.mapper.UserMapper.selectByExample  : ==> Parameters: 奈文摩尔(String)
2021-06-02 10:40:14.919 DEBUG 2536 --- [http-nio-80-exec-9] c.m.c.mapper.UserMapper.selectByExample  : <==      Total: 1
2021-06-02 10:40:14.923 DEBUG 2536 --- [http-nio-80-exec-9] c.m.c.m.U.updateByExampleSelective       : ==>  Preparing: update usertest SET name = ?, token = ?, gmt_modified = ?, avatar_url = ? WHERE ( id = ? ) 
2021-06-02 10:40:14.923 DEBUG 2536 --- [http-nio-80-exec-9] c.m.c.m.U.updateByExampleSelective       : ==> Parameters: 奈文摩尔(String), e5a6bb10-8b49-4bdc-89ee-1382b58a1c7e(String), 1622601614920(Long), https://gimg2.baidu.com/image_search/src=http%3A%2F%2Fb-ssl.duitang.com%2Fuploads%2Fitem%2F201702%2F06%2F20170206134245_zeQx2.jpeg&refer=http%3A%2F%2Fb-ssl.duitang.com&app=2002&size=f9999,10000&q=a80&n=0&g=0n&fmt=jpeg?sec=1624763475&t=773674ece66c9b5384b7(String), 2(Long)
2021-06-02 10:40:14.925 DEBUG 2536 --- [http-nio-80-exec-9] c.m.c.m.U.updateByExampleSelective       : <==    Updates: 1
2021-06-02 10:40:14.932 DEBUG 2536 --- [http-nio-80-exec-5] c.m.c.mapper.UserMapper.selectByExample  : ==>  Preparing: select id, account_id, name, token, gmt_create, gmt_modified, bio, avatar_url from usertest WHERE ( token = ? ) 
2021-06-02 10:40:14.932 DEBUG 2536 --- [http-nio-80-exec-5] c.m.c.mapper.UserMapper.selectByExample  : ==> Parameters: e5a6bb10-8b49-4bdc-89ee-1382b58a1c7e(String)
2021-06-02 10:40:14.934 DEBUG 2536 --- [http-nio-80-exec-5] c.m.c.mapper.UserMapper.selectByExample  : <==      Total: 1
2021-06-02 10:40:14.942 DEBUG 2536 --- [http-nio-80-exec-5] c.m.c.m.N.countByExample                 : ==>  Preparing: select count(*) from notification WHERE ( receiver = ? and status = ? ) 
2021-06-02 10:40:14.942 DEBUG 2536 --- [http-nio-80-exec-5] c.m.c.m.N.countByExample                 : ==> Parameters: 2(Long), 0(Integer)
2021-06-02 10:40:14.944 DEBUG 2536 --- [http-nio-80-exec-5] c.m.c.m.N.countByExample                 : <==      Total: 1
2021-06-02 10:40:14.945 DEBUG 2536 --- [http-nio-80-exec-5] c.m.c.m.QuestionExtMapper.countBySearch  : ==>  Preparing: select count(*) from question 
2021-06-02 10:40:14.945 DEBUG 2536 --- [http-nio-80-exec-5] c.m.c.m.QuestionExtMapper.countBySearch  : ==> Parameters: 
2021-06-02 10:40:14.946 DEBUG 2536 --- [http-nio-80-exec-5] c.m.c.m.QuestionExtMapper.countBySearch  : <==      Total: 1
2021-06-02 10:40:14.946 DEBUG 2536 --- [http-nio-80-exec-5] c.m.c.m.Q.selectBySearch                 : ==>  Preparing: select * from question order by gmt_create desc limit ?,? 
2021-06-02 10:40:14.947 DEBUG 2536 --- [http-nio-80-exec-5] c.m.c.m.Q.selectBySearch                 : ==> Parameters: 0(Integer), 7(Integer)
2021-06-02 10:40:14.948 DEBUG 2536 --- [http-nio-80-exec-5] c.m.c.m.Q.selectBySearch                 : <==      Total: 7
2021-06-02 10:40:14.949 DEBUG 2536 --- [http-nio-80-exec-5] c.m.c.m.UserMapper.selectByPrimaryKey    : ==>  Preparing: select id, account_id, name, token, gmt_create, gmt_modified, bio, avatar_url from usertest where id = ? 
2021-06-02 10:40:14.949 DEBUG 2536 --- [http-nio-80-exec-5] c.m.c.m.UserMapper.selectByPrimaryKey    : ==> Parameters: 7(Long)
2021-06-02 10:40:14.950 DEBUG 2536 --- [http-nio-80-exec-5] c.m.c.m.UserMapper.selectByPrimaryKey    : <==      Total: 1
2021-06-02 10:40:14.950 DEBUG 2536 --- [http-nio-80-exec-5] c.m.c.m.UserMapper.selectByPrimaryKey    : ==>  Preparing: select id, account_id, name, token, gmt_create, gmt_modified, bio, avatar_url from usertest where id = ? 
2021-06-02 10:40:14.950 DEBUG 2536 --- [http-nio-80-exec-5] c.m.c.m.UserMapper.selectByPrimaryKey    : ==> Parameters: 6(Long)
2021-06-02 10:40:14.951 DEBUG 2536 --- [http-nio-80-exec-5] c.m.c.m.UserMapper.selectByPrimaryKey    : <==      Total: 1
2021-06-02 10:40:14.952 DEBUG 2536 --- [http-nio-80-exec-5] c.m.c.m.UserMapper.selectByPrimaryKey    : ==>  Preparing: select id, account_id, name, token, gmt_create, gmt_modified, bio, avatar_url from usertest where id = ? 
2021-06-02 10:40:14.952 DEBUG 2536 --- [http-nio-80-exec-5] c.m.c.m.UserMapper.selectByPrimaryKey    : ==> Parameters: 1(Long)
2021-06-02 10:40:14.953 DEBUG 2536 --- [http-nio-80-exec-5] c.m.c.m.UserMapper.selectByPrimaryKey    : <==      Total: 1
2021-06-02 10:40:14.954 DEBUG 2536 --- [http-nio-80-exec-5] c.m.c.m.UserMapper.selectByPrimaryKey    : ==>  Preparing: select id, account_id, name, token, gmt_create, gmt_modified, bio, avatar_url from usertest where id = ? 
2021-06-02 10:40:14.954 DEBUG 2536 --- [http-nio-80-exec-5] c.m.c.m.UserMapper.selectByPrimaryKey    : ==> Parameters: 1(Long)
2021-06-02 10:40:14.955 DEBUG 2536 --- [http-nio-80-exec-5] c.m.c.m.UserMapper.selectByPrimaryKey    : <==      Total: 1
2021-06-02 10:40:14.956 DEBUG 2536 --- [http-nio-80-exec-5] c.m.c.m.UserMapper.selectByPrimaryKey    : ==>  Preparing: select id, account_id, name, token, gmt_create, gmt_modified, bio, avatar_url from usertest where id = ? 
2021-06-02 10:40:14.957 DEBUG 2536 --- [http-nio-80-exec-5] c.m.c.m.UserMapper.selectByPrimaryKey    : ==> Parameters: 1(Long)
2021-06-02 10:40:14.958 DEBUG 2536 --- [http-nio-80-exec-5] c.m.c.m.UserMapper.selectByPrimaryKey    : <==      Total: 1
2021-06-02 10:40:14.958 DEBUG 2536 --- [http-nio-80-exec-5] c.m.c.m.UserMapper.selectByPrimaryKey    : ==>  Preparing: select id, account_id, name, token, gmt_create, gmt_modified, bio, avatar_url from usertest where id = ? 
2021-06-02 10:40:14.958 DEBUG 2536 --- [http-nio-80-exec-5] c.m.c.m.UserMapper.selectByPrimaryKey    : ==> Parameters: 1(Long)
2021-06-02 10:40:14.959 DEBUG 2536 --- [http-nio-80-exec-5] c.m.c.m.UserMapper.selectByPrimaryKey    : <==      Total: 1
2021-06-02 10:40:14.959 DEBUG 2536 --- [http-nio-80-exec-5] c.m.c.m.UserMapper.selectByPrimaryKey    : ==>  Preparing: select id, account_id, name, token, gmt_create, gmt_modified, bio, avatar_url from usertest where id = ? 
2021-06-02 10:40:14.959 DEBUG 2536 --- [http-nio-80-exec-5] c.m.c.m.UserMapper.selectByPrimaryKey    : ==> Parameters: 1(Long)
2021-06-02 10:40:14.960 DEBUG 2536 --- [http-nio-80-exec-5] c.m.c.m.UserMapper.selectByPrimaryKey    : <==      Total: 1
2021-06-02 10:40:14.961 DEBUG 2536 --- [http-nio-80-exec-5] c.m.c.m.QuestionExtMapper.selectPopular  : ==>  Preparing: select * from question order by view_count desc limit 15 
2021-06-02 10:40:14.961 DEBUG 2536 --- [http-nio-80-exec-5] c.m.c.m.QuestionExtMapper.selectPopular  : ==> Parameters: 
2021-06-02 10:40:14.963 DEBUG 2536 --- [http-nio-80-exec-5] c.m.c.m.QuestionExtMapper.selectPopular  : <==      Total: 7
2021-06-02 10:40:14.965 DEBUG 2536 --- [http-nio-80-exec-5] c.m.c.m.QuestionExtMapper.selectTop      : ==>  Preparing: select * from question order by comment_count desc limit 10 
2021-06-02 10:40:14.965 DEBUG 2536 --- [http-nio-80-exec-5] c.m.c.m.QuestionExtMapper.selectTop      : ==> Parameters: 
2021-06-02 10:40:14.967 DEBUG 2536 --- [http-nio-80-exec-5] c.m.c.m.QuestionExtMapper.selectTop      : <==      Total: 7
2021-06-02 10:40:14.968 DEBUG 2536 --- [http-nio-80-exec-5] c.m.c.mapper.UserExtMapper.selectUser    : ==>  Preparing: select * from usertest order by gmt_create desc limit 10 
2021-06-02 10:40:14.968 DEBUG 2536 --- [http-nio-80-exec-5] c.m.c.mapper.UserExtMapper.selectUser    : ==> Parameters: 
2021-06-02 10:40:14.970 DEBUG 2536 --- [http-nio-80-exec-5] c.m.c.mapper.UserExtMapper.selectUser    : <==      Total: 10
2021-06-02 10:40:15.005 DEBUG 2536 --- [http-nio-80-exec-1] c.m.c.mapper.UserMapper.selectByExample  : ==>  Preparing: select id, account_id, name, token, gmt_create, gmt_modified, bio, avatar_url from usertest WHERE ( token = ? ) 
2021-06-02 10:40:15.007 DEBUG 2536 --- [http-nio-80-exec-8] c.m.c.mapper.UserMapper.selectByExample  : ==>  Preparing: select id, account_id, name, token, gmt_create, gmt_modified, bio, avatar_url from usertest WHERE ( token = ? ) 
2021-06-02 10:40:15.007 DEBUG 2536 --- [http-nio-80-exec-1] c.m.c.mapper.UserMapper.selectByExample  : ==> Parameters: e5a6bb10-8b49-4bdc-89ee-1382b58a1c7e(String)
2021-06-02 10:40:15.008 DEBUG 2536 --- [http-nio-80-exec-8] c.m.c.mapper.UserMapper.selectByExample  : ==> Parameters: e5a6bb10-8b49-4bdc-89ee-1382b58a1c7e(String)
2021-06-02 10:40:15.008 DEBUG 2536 --- [http-nio-80-exec-6] c.m.c.mapper.UserMapper.selectByExample  : ==>  Preparing: select id, account_id, name, token, gmt_create, gmt_modified, bio, avatar_url from usertest WHERE ( token = ? ) 
2021-06-02 10:40:15.008 DEBUG 2536 --- [http-nio-80-exec-6] c.m.c.mapper.UserMapper.selectByExample  : ==> Parameters: e5a6bb10-8b49-4bdc-89ee-1382b58a1c7e(String)
2021-06-02 10:40:15.010 DEBUG 2536 --- [http-nio-80-exec-8] c.m.c.mapper.UserMapper.selectByExample  : <==      Total: 1
2021-06-02 10:40:15.010 DEBUG 2536 --- [http-nio-80-exec-6] c.m.c.mapper.UserMapper.selectByExample  : <==      Total: 1
2021-06-02 10:40:15.010 DEBUG 2536 --- [http-nio-80-exec-1] c.m.c.mapper.UserMapper.selectByExample  : <==      Total: 1
2021-06-02 10:40:15.012 DEBUG 2536 --- [http-nio-80-exec-1] c.m.c.m.N.countByExample                 : ==>  Preparing: select count(*) from notification WHERE ( receiver = ? and status = ? ) 
2021-06-02 10:40:15.012 DEBUG 2536 --- [http-nio-80-exec-6] c.m.c.m.N.countByExample                 : ==>  Preparing: select count(*) from notification WHERE ( receiver = ? and status = ? ) 
2021-06-02 10:40:15.012 DEBUG 2536 --- [http-nio-80-exec-8] c.m.c.m.N.countByExample                 : ==>  Preparing: select count(*) from notification WHERE ( receiver = ? and status = ? ) 
2021-06-02 10:40:15.012 DEBUG 2536 --- [http-nio-80-exec-2] c.m.c.mapper.UserMapper.selectByExample  : ==>  Preparing: select id, account_id, name, token, gmt_create, gmt_modified, bio, avatar_url from usertest WHERE ( token = ? ) 
2021-06-02 10:40:15.012 DEBUG 2536 --- [http-nio-80-exec-8] c.m.c.m.N.countByExample                 : ==> Parameters: 2(Long), 0(Integer)
2021-06-02 10:40:15.012 DEBUG 2536 --- [http-nio-80-exec-1] c.m.c.m.N.countByExample                 : ==> Parameters: 2(Long), 0(Integer)
2021-06-02 10:40:15.012 DEBUG 2536 --- [http-nio-80-exec-6] c.m.c.m.N.countByExample                 : ==> Parameters: 2(Long), 0(Integer)
2021-06-02 10:40:15.013 DEBUG 2536 --- [http-nio-80-exec-2] c.m.c.mapper.UserMapper.selectByExample  : ==> Parameters: e5a6bb10-8b49-4bdc-89ee-1382b58a1c7e(String)
2021-06-02 10:40:15.013 DEBUG 2536 --- [http-nio-80-exec-7] c.m.c.mapper.UserMapper.selectByExample  : ==>  Preparing: select id, account_id, name, token, gmt_create, gmt_modified, bio, avatar_url from usertest WHERE ( token = ? ) 
2021-06-02 10:40:15.013 DEBUG 2536 --- [http-nio-80-exec-7] c.m.c.mapper.UserMapper.selectByExample  : ==> Parameters: e5a6bb10-8b49-4bdc-89ee-1382b58a1c7e(String)
2021-06-02 10:40:15.014 DEBUG 2536 --- [http-nio-80-exec-8] c.m.c.m.N.countByExample                 : <==      Total: 1
2021-06-02 10:40:15.014 DEBUG 2536 --- [http-nio-80-exec-6] c.m.c.m.N.countByExample                 : <==      Total: 1
2021-06-02 10:40:15.014 DEBUG 2536 --- [http-nio-80-exec-1] c.m.c.m.N.countByExample                 : <==      Total: 1
2021-06-02 10:40:15.014 DEBUG 2536 --- [http-nio-80-exec-2] c.m.c.mapper.UserMapper.selectByExample  : <==      Total: 1
2021-06-02 10:40:15.015 DEBUG 2536 --- [http-nio-80-exec-7] c.m.c.mapper.UserMapper.selectByExample  : <==      Total: 1
2021-06-02 10:40:15.015 DEBUG 2536 --- [http-nio-80-exec-2] c.m.c.m.N.countByExample                 : ==>  Preparing: select count(*) from notification WHERE ( receiver = ? and status = ? ) 
2021-06-02 10:40:15.016 DEBUG 2536 --- [http-nio-80-exec-2] c.m.c.m.N.countByExample                 : ==> Parameters: 2(Long), 0(Integer)
2021-06-02 10:40:15.017 DEBUG 2536 --- [http-nio-80-exec-2] c.m.c.m.N.countByExample                 : <==      Total: 1
2021-06-02 10:40:15.017 DEBUG 2536 --- [http-nio-80-exec-7] c.m.c.m.N.countByExample                 : ==>  Preparing: select count(*) from notification WHERE ( receiver = ? and status = ? ) 
2021-06-02 10:40:15.017 DEBUG 2536 --- [http-nio-80-exec-7] c.m.c.m.N.countByExample                 : ==> Parameters: 2(Long), 0(Integer)
2021-06-02 10:40:15.018 DEBUG 2536 --- [http-nio-80-exec-7] c.m.c.m.N.countByExample                 : <==      Total: 1
2021-06-02 10:40:15.029 DEBUG 2536 --- [http-nio-80-exec-4] c.m.c.mapper.UserMapper.selectByExample  : ==>  Preparing: select id, account_id, name, token, gmt_create, gmt_modified, bio, avatar_url from usertest WHERE ( token = ? ) 
2021-06-02 10:40:15.030 DEBUG 2536 --- [http-nio-80-exec-4] c.m.c.mapper.UserMapper.selectByExample  : ==> Parameters: e5a6bb10-8b49-4bdc-89ee-1382b58a1c7e(String)
2021-06-02 10:40:15.030 DEBUG 2536 --- [http-nio-80-exec-4] c.m.c.mapper.UserMapper.selectByExample  : <==      Total: 1
2021-06-02 10:40:15.031 DEBUG 2536 --- [http-nio-80-exec-4] c.m.c.m.N.countByExample                 : ==>  Preparing: select count(*) from notification WHERE ( receiver = ? and status = ? ) 
2021-06-02 10:40:15.032 DEBUG 2536 --- [http-nio-80-exec-4] c.m.c.m.N.countByExample                 : ==> Parameters: 2(Long), 0(Integer)
2021-06-02 10:40:15.033 DEBUG 2536 --- [http-nio-80-exec-4] c.m.c.m.N.countByExample                 : <==      Total: 1
2021-06-02 10:40:15.041 DEBUG 2536 --- [http-nio-80-exec-10] c.m.c.mapper.UserMapper.selectByExample  : ==>  Preparing: select id, account_id, name, token, gmt_create, gmt_modified, bio, avatar_url from usertest WHERE ( token = ? ) 
2021-06-02 10:40:15.041 DEBUG 2536 --- [http-nio-80-exec-10] c.m.c.mapper.UserMapper.selectByExample  : ==> Parameters: e5a6bb10-8b49-4bdc-89ee-1382b58a1c7e(String)
2021-06-02 10:40:15.041 DEBUG 2536 --- [http-nio-80-exec-3] c.m.c.mapper.UserMapper.selectByExample  : ==>  Preparing: select id, account_id, name, token, gmt_create, gmt_modified, bio, avatar_url from usertest WHERE ( token = ? ) 
2021-06-02 10:40:15.042 DEBUG 2536 --- [http-nio-80-exec-3] c.m.c.mapper.UserMapper.selectByExample  : ==> Parameters: e5a6bb10-8b49-4bdc-89ee-1382b58a1c7e(String)
2021-06-02 10:40:15.043 DEBUG 2536 --- [http-nio-80-exec-3] c.m.c.mapper.UserMapper.selectByExample  : <==      Total: 1
2021-06-02 10:40:15.043 DEBUG 2536 --- [http-nio-80-exec-10] c.m.c.mapper.UserMapper.selectByExample  : <==      Total: 1
2021-06-02 10:40:15.044 DEBUG 2536 --- [http-nio-80-exec-10] c.m.c.m.N.countByExample                 : ==>  Preparing: select count(*) from notification WHERE ( receiver = ? and status = ? ) 
2021-06-02 10:40:15.044 DEBUG 2536 --- [http-nio-80-exec-3] c.m.c.m.N.countByExample                 : ==>  Preparing: select count(*) from notification WHERE ( receiver = ? and status = ? ) 
2021-06-02 10:40:15.045 DEBUG 2536 --- [http-nio-80-exec-10] c.m.c.m.N.countByExample                 : ==> Parameters: 2(Long), 0(Integer)
2021-06-02 10:40:15.045 DEBUG 2536 --- [http-nio-80-exec-3] c.m.c.m.N.countByExample                 : ==> Parameters: 2(Long), 0(Integer)
2021-06-02 10:40:15.045 DEBUG 2536 --- [http-nio-80-exec-10] c.m.c.m.N.countByExample                 : <==      Total: 1
2021-06-02 10:40:15.045 DEBUG 2536 --- [http-nio-80-exec-3] c.m.c.m.N.countByExample                 : <==      Total: 1
2021-06-02 10:40:15.046 DEBUG 2536 --- [http-nio-80-exec-9] c.m.c.mapper.UserMapper.selectByExample  : ==>  Preparing: select id, account_id, name, token, gmt_create, gmt_modified, bio, avatar_url from usertest WHERE ( token = ? ) 
2021-06-02 10:40:15.046 DEBUG 2536 --- [http-nio-80-exec-9] c.m.c.mapper.UserMapper.selectByExample  : ==> Parameters: e5a6bb10-8b49-4bdc-89ee-1382b58a1c7e(String)
2021-06-02 10:40:15.047 DEBUG 2536 --- [http-nio-80-exec-9] c.m.c.mapper.UserMapper.selectByExample  : <==      Total: 1
2021-06-02 10:40:15.049 DEBUG 2536 --- [http-nio-80-exec-9] c.m.c.m.N.countByExample                 : ==>  Preparing: select count(*) from notification WHERE ( receiver = ? and status = ? ) 
2021-06-02 10:40:15.049 DEBUG 2536 --- [http-nio-80-exec-9] c.m.c.m.N.countByExample                 : ==> Parameters: 2(Long), 0(Integer)
2021-06-02 10:40:15.050 DEBUG 2536 --- [http-nio-80-exec-9] c.m.c.m.N.countByExample                 : <==      Total: 1
2021-06-02 10:40:15.064 DEBUG 2536 --- [http-nio-80-exec-5] c.m.c.mapper.UserMapper.selectByExample  : ==>  Preparing: select id, account_id, name, token, gmt_create, gmt_modified, bio, avatar_url from usertest WHERE ( token = ? ) 
2021-06-02 10:40:15.064 DEBUG 2536 --- [http-nio-80-exec-5] c.m.c.mapper.UserMapper.selectByExample  : ==> Parameters: e5a6bb10-8b49-4bdc-89ee-1382b58a1c7e(String)
2021-06-02 10:40:15.066 DEBUG 2536 --- [http-nio-80-exec-5] c.m.c.mapper.UserMapper.selectByExample  : <==      Total: 1
2021-06-02 10:40:15.068 DEBUG 2536 --- [http-nio-80-exec-5] c.m.c.m.N.countByExample                 : ==>  Preparing: select count(*) from notification WHERE ( receiver = ? and status = ? ) 
2021-06-02 10:40:15.068 DEBUG 2536 --- [http-nio-80-exec-5] c.m.c.m.N.countByExample                 : ==> Parameters: 2(Long), 0(Integer)
2021-06-02 10:40:15.069 DEBUG 2536 --- [http-nio-80-exec-5] c.m.c.m.N.countByExample                 : <==      Total: 1
2021-06-02 10:40:22.147 DEBUG 2536 --- [http-nio-80-exec-6] c.m.c.mapper.UserMapper.selectByExample  : ==>  Preparing: select id, account_id, name, token, gmt_create, gmt_modified, bio, avatar_url from usertest WHERE ( token = ? ) 
2021-06-02 10:40:22.147 DEBUG 2536 --- [http-nio-80-exec-6] c.m.c.mapper.UserMapper.selectByExample  : ==> Parameters: e5a6bb10-8b49-4bdc-89ee-1382b58a1c7e(String)
2021-06-02 10:40:22.148 DEBUG 2536 --- [http-nio-80-exec-6] c.m.c.mapper.UserMapper.selectByExample  : <==      Total: 1
2021-06-02 10:40:22.150 DEBUG 2536 --- [http-nio-80-exec-6] c.m.c.m.N.countByExample                 : ==>  Preparing: select count(*) from notification WHERE ( receiver = ? and status = ? ) 
2021-06-02 10:40:22.150 DEBUG 2536 --- [http-nio-80-exec-6] c.m.c.m.N.countByExample                 : ==> Parameters: 2(Long), 0(Integer)
2021-06-02 10:40:22.151 DEBUG 2536 --- [http-nio-80-exec-6] c.m.c.m.N.countByExample                 : <==      Total: 1
2021-06-02 10:40:22.186 DEBUG 2536 --- [http-nio-80-exec-1] c.m.c.mapper.UserMapper.selectByExample  : ==>  Preparing: select id, account_id, name, token, gmt_create, gmt_modified, bio, avatar_url from usertest WHERE ( token = ? ) 
2021-06-02 10:40:22.186 DEBUG 2536 --- [http-nio-80-exec-1] c.m.c.mapper.UserMapper.selectByExample  : ==> Parameters: e5a6bb10-8b49-4bdc-89ee-1382b58a1c7e(String)
2021-06-02 10:40:22.186 DEBUG 2536 --- [http-nio-80-exec-8] c.m.c.mapper.UserMapper.selectByExample  : ==>  Preparing: select id, account_id, name, token, gmt_create, gmt_modified, bio, avatar_url from usertest WHERE ( token = ? ) 
2021-06-02 10:40:22.187 DEBUG 2536 --- [http-nio-80-exec-1] c.m.c.mapper.UserMapper.selectByExample  : <==      Total: 1
2021-06-02 10:40:22.187 DEBUG 2536 --- [http-nio-80-exec-4] c.m.c.mapper.UserMapper.selectByExample  : ==>  Preparing: select id, account_id, name, token, gmt_create, gmt_modified, bio, avatar_url from usertest WHERE ( token = ? ) 
2021-06-02 10:40:22.187 DEBUG 2536 --- [http-nio-80-exec-7] c.m.c.mapper.UserMapper.selectByExample  : ==>  Preparing: select id, account_id, name, token, gmt_create, gmt_modified, bio, avatar_url from usertest WHERE ( token = ? ) 
2021-06-02 10:40:22.187 DEBUG 2536 --- [http-nio-80-exec-8] c.m.c.mapper.UserMapper.selectByExample  : ==> Parameters: e5a6bb10-8b49-4bdc-89ee-1382b58a1c7e(String)
2021-06-02 10:40:22.187 DEBUG 2536 --- [http-nio-80-exec-4] c.m.c.mapper.UserMapper.selectByExample  : ==> Parameters: e5a6bb10-8b49-4bdc-89ee-1382b58a1c7e(String)
2021-06-02 10:40:22.187 DEBUG 2536 --- [http-nio-80-exec-7] c.m.c.mapper.UserMapper.selectByExample  : ==> Parameters: e5a6bb10-8b49-4bdc-89ee-1382b58a1c7e(String)
2021-06-02 10:40:22.188 DEBUG 2536 --- [http-nio-80-exec-1] c.m.c.m.N.countByExample                 : ==>  Preparing: select count(*) from notification WHERE ( receiver = ? and status = ? ) 
2021-06-02 10:40:22.188 DEBUG 2536 --- [http-nio-80-exec-4] c.m.c.mapper.UserMapper.selectByExample  : <==      Total: 1
2021-06-02 10:40:22.188 DEBUG 2536 --- [http-nio-80-exec-1] c.m.c.m.N.countByExample                 : ==> Parameters: 2(Long), 0(Integer)
2021-06-02 10:40:22.188 DEBUG 2536 --- [http-nio-80-exec-8] c.m.c.mapper.UserMapper.selectByExample  : <==      Total: 1
2021-06-02 10:40:22.188 DEBUG 2536 --- [http-nio-80-exec-7] c.m.c.mapper.UserMapper.selectByExample  : <==      Total: 1
2021-06-02 10:40:22.189 DEBUG 2536 --- [http-nio-80-exec-1] c.m.c.m.N.countByExample                 : <==      Total: 1
2021-06-02 10:40:22.189 DEBUG 2536 --- [http-nio-80-exec-4] c.m.c.m.N.countByExample                 : ==>  Preparing: select count(*) from notification WHERE ( receiver = ? and status = ? ) 
2021-06-02 10:40:22.189 DEBUG 2536 --- [http-nio-80-exec-8] c.m.c.m.N.countByExample                 : ==>  Preparing: select count(*) from notification WHERE ( receiver = ? and status = ? ) 
2021-06-02 10:40:22.189 DEBUG 2536 --- [http-nio-80-exec-8] c.m.c.m.N.countByExample                 : ==> Parameters: 2(Long), 0(Integer)
2021-06-02 10:40:22.189 DEBUG 2536 --- [http-nio-80-exec-4] c.m.c.m.N.countByExample                 : ==> Parameters: 2(Long), 0(Integer)
2021-06-02 10:40:22.190 DEBUG 2536 --- [http-nio-80-exec-7] c.m.c.m.N.countByExample                 : ==>  Preparing: select count(*) from notification WHERE ( receiver = ? and status = ? ) 
2021-06-02 10:40:22.190 DEBUG 2536 --- [http-nio-80-exec-4] c.m.c.m.N.countByExample                 : <==      Total: 1
2021-06-02 10:40:22.190 DEBUG 2536 --- [http-nio-80-exec-7] c.m.c.m.N.countByExample                 : ==> Parameters: 2(Long), 0(Integer)
2021-06-02 10:40:22.191 DEBUG 2536 --- [http-nio-80-exec-7] c.m.c.m.N.countByExample                 : <==      Total: 1
2021-06-02 10:40:22.189 DEBUG 2536 --- [http-nio-80-exec-2] c.m.c.mapper.UserMapper.selectByExample  : ==>  Preparing: select id, account_id, name, token, gmt_create, gmt_modified, bio, avatar_url from usertest WHERE ( token = ? ) 
2021-06-02 10:40:22.192 DEBUG 2536 --- [http-nio-80-exec-8] c.m.c.m.N.countByExample                 : <==      Total: 1
2021-06-02 10:40:22.193 DEBUG 2536 --- [http-nio-80-exec-2] c.m.c.mapper.UserMapper.selectByExample  : ==> Parameters: e5a6bb10-8b49-4bdc-89ee-1382b58a1c7e(String)
2021-06-02 10:40:22.197 DEBUG 2536 --- [http-nio-80-exec-2] c.m.c.mapper.UserMapper.selectByExample  : <==      Total: 1
2021-06-02 10:40:22.198 DEBUG 2536 --- [http-nio-80-exec-4] c.m.c.mapper.UserMapper.selectByExample  : ==>  Preparing: select id, account_id, name, token, gmt_create, gmt_modified, bio, avatar_url from usertest WHERE ( token = ? ) 
2021-06-02 10:40:22.198 DEBUG 2536 --- [http-nio-80-exec-4] c.m.c.mapper.UserMapper.selectByExample  : ==> Parameters: e5a6bb10-8b49-4bdc-89ee-1382b58a1c7e(String)
2021-06-02 10:40:22.199 DEBUG 2536 --- [http-nio-80-exec-2] c.m.c.m.N.countByExample                 : ==>  Preparing: select count(*) from notification WHERE ( receiver = ? and status = ? ) 
2021-06-02 10:40:22.199 DEBUG 2536 --- [http-nio-80-exec-2] c.m.c.m.N.countByExample                 : ==> Parameters: 2(Long), 0(Integer)
2021-06-02 10:40:22.199 DEBUG 2536 --- [http-nio-80-exec-1] c.m.c.mapper.UserMapper.selectByExample  : ==>  Preparing: select id, account_id, name, token, gmt_create, gmt_modified, bio, avatar_url from usertest WHERE ( token = ? ) 
2021-06-02 10:40:22.199 DEBUG 2536 --- [http-nio-80-exec-4] c.m.c.mapper.UserMapper.selectByExample  : <==      Total: 1
2021-06-02 10:40:22.199 DEBUG 2536 --- [http-nio-80-exec-1] c.m.c.mapper.UserMapper.selectByExample  : ==> Parameters: e5a6bb10-8b49-4bdc-89ee-1382b58a1c7e(String)
2021-06-02 10:40:22.199 DEBUG 2536 --- [http-nio-80-exec-2] c.m.c.m.N.countByExample                 : <==      Total: 1
2021-06-02 10:40:22.200 DEBUG 2536 --- [http-nio-80-exec-4] c.m.c.m.N.countByExample                 : ==>  Preparing: select count(*) from notification WHERE ( receiver = ? and status = ? ) 
2021-06-02 10:40:22.200 DEBUG 2536 --- [http-nio-80-exec-4] c.m.c.m.N.countByExample                 : ==> Parameters: 2(Long), 0(Integer)
2021-06-02 10:40:22.202 DEBUG 2536 --- [http-nio-80-exec-1] c.m.c.mapper.UserMapper.selectByExample  : <==      Total: 1
2021-06-02 10:40:22.202 DEBUG 2536 --- [http-nio-80-exec-4] c.m.c.m.N.countByExample                 : <==      Total: 1
2021-06-02 10:40:22.209 DEBUG 2536 --- [http-nio-80-exec-1] c.m.c.m.N.countByExample                 : ==>  Preparing: select count(*) from notification WHERE ( receiver = ? and status = ? ) 
2021-06-02 10:40:22.210 DEBUG 2536 --- [http-nio-80-exec-1] c.m.c.m.N.countByExample                 : ==> Parameters: 2(Long), 0(Integer)
2021-06-02 10:40:22.211 DEBUG 2536 --- [http-nio-80-exec-1] c.m.c.m.N.countByExample                 : <==      Total: 1
2021-06-02 10:40:22.218 DEBUG 2536 --- [http-nio-80-exec-10] c.m.c.mapper.UserMapper.selectByExample  : ==>  Preparing: select id, account_id, name, token, gmt_create, gmt_modified, bio, avatar_url from usertest WHERE ( token = ? ) 
2021-06-02 10:40:22.218 DEBUG 2536 --- [http-nio-80-exec-10] c.m.c.mapper.UserMapper.selectByExample  : ==> Parameters: e5a6bb10-8b49-4bdc-89ee-1382b58a1c7e(String)
2021-06-02 10:40:22.222 DEBUG 2536 --- [http-nio-80-exec-10] c.m.c.mapper.UserMapper.selectByExample  : <==      Total: 1
2021-06-02 10:40:22.223 DEBUG 2536 --- [http-nio-80-exec-10] c.m.c.m.N.countByExample                 : ==>  Preparing: select count(*) from notification WHERE ( receiver = ? and status = ? ) 
2021-06-02 10:40:22.224 DEBUG 2536 --- [http-nio-80-exec-10] c.m.c.m.N.countByExample                 : ==> Parameters: 2(Long), 0(Integer)
2021-06-02 10:40:22.225 DEBUG 2536 --- [http-nio-80-exec-10] c.m.c.m.N.countByExample                 : <==      Total: 1
2021-06-02 10:40:22.261 DEBUG 2536 --- [http-nio-80-exec-5] c.m.c.mapper.UserMapper.selectByExample  : ==>  Preparing: select id, account_id, name, token, gmt_create, gmt_modified, bio, avatar_url from usertest WHERE ( token = ? ) 
2021-06-02 10:40:22.262 DEBUG 2536 --- [http-nio-80-exec-5] c.m.c.mapper.UserMapper.selectByExample  : ==> Parameters: e5a6bb10-8b49-4bdc-89ee-1382b58a1c7e(String)
2021-06-02 10:40:22.262 DEBUG 2536 --- [http-nio-80-exec-5] c.m.c.mapper.UserMapper.selectByExample  : <==      Total: 1
2021-06-02 10:40:22.263 DEBUG 2536 --- [http-nio-80-exec-5] c.m.c.m.N.countByExample                 : ==>  Preparing: select count(*) from notification WHERE ( receiver = ? and status = ? ) 
2021-06-02 10:40:22.263 DEBUG 2536 --- [http-nio-80-exec-5] c.m.c.m.N.countByExample                 : ==> Parameters: 2(Long), 0(Integer)
2021-06-02 10:40:22.264 DEBUG 2536 --- [http-nio-80-exec-5] c.m.c.m.N.countByExample                 : <==      Total: 1
2021-06-02 10:40:22.272 DEBUG 2536 --- [http-nio-80-exec-6] c.m.c.mapper.UserMapper.selectByExample  : ==>  Preparing: select id, account_id, name, token, gmt_create, gmt_modified, bio, avatar_url from usertest WHERE ( token = ? ) 
2021-06-02 10:40:22.272 DEBUG 2536 --- [http-nio-80-exec-6] c.m.c.mapper.UserMapper.selectByExample  : ==> Parameters: e5a6bb10-8b49-4bdc-89ee-1382b58a1c7e(String)
2021-06-02 10:40:22.273 DEBUG 2536 --- [http-nio-80-exec-6] c.m.c.mapper.UserMapper.selectByExample  : <==      Total: 1
2021-06-02 10:40:22.274 DEBUG 2536 --- [http-nio-80-exec-6] c.m.c.m.N.countByExample                 : ==>  Preparing: select count(*) from notification WHERE ( receiver = ? and status = ? ) 
2021-06-02 10:40:22.274 DEBUG 2536 --- [http-nio-80-exec-6] c.m.c.m.N.countByExample                 : ==> Parameters: 2(Long), 0(Integer)
2021-06-02 10:40:22.275 DEBUG 2536 --- [http-nio-80-exec-6] c.m.c.m.N.countByExample                 : <==      Total: 1
2021-06-02 10:40:22.290 DEBUG 2536 --- [http-nio-80-exec-7] c.m.c.mapper.UserMapper.selectByExample  : ==>  Preparing: select id, account_id, name, token, gmt_create, gmt_modified, bio, avatar_url from usertest WHERE ( token = ? ) 
2021-06-02 10:40:22.291 DEBUG 2536 --- [http-nio-80-exec-7] c.m.c.mapper.UserMapper.selectByExample  : ==> Parameters: e5a6bb10-8b49-4bdc-89ee-1382b58a1c7e(String)
2021-06-02 10:40:22.292 DEBUG 2536 --- [http-nio-80-exec-7] c.m.c.mapper.UserMapper.selectByExample  : <==      Total: 1
2021-06-02 10:40:22.292 DEBUG 2536 --- [http-nio-80-exec-3] c.m.c.mapper.UserMapper.selectByExample  : ==>  Preparing: select id, account_id, name, token, gmt_create, gmt_modified, bio, avatar_url from usertest WHERE ( token = ? ) 
2021-06-02 10:40:22.293 DEBUG 2536 --- [http-nio-80-exec-7] c.m.c.m.N.countByExample                 : ==>  Preparing: select count(*) from notification WHERE ( receiver = ? and status = ? ) 
2021-06-02 10:40:22.293 DEBUG 2536 --- [http-nio-80-exec-8] c.m.c.mapper.UserMapper.selectByExample  : ==>  Preparing: select id, account_id, name, token, gmt_create, gmt_modified, bio, avatar_url from usertest WHERE ( token = ? ) 
2021-06-02 10:40:22.293 DEBUG 2536 --- [http-nio-80-exec-7] c.m.c.m.N.countByExample                 : ==> Parameters: 2(Long), 0(Integer)
2021-06-02 10:40:22.293 DEBUG 2536 --- [http-nio-80-exec-8] c.m.c.mapper.UserMapper.selectByExample  : ==> Parameters: e5a6bb10-8b49-4bdc-89ee-1382b58a1c7e(String)
2021-06-02 10:40:22.294 DEBUG 2536 --- [http-nio-80-exec-7] c.m.c.m.N.countByExample                 : <==      Total: 1
2021-06-02 10:40:22.294 DEBUG 2536 --- [http-nio-80-exec-8] c.m.c.mapper.UserMapper.selectByExample  : <==      Total: 1
2021-06-02 10:40:22.295 DEBUG 2536 --- [http-nio-80-exec-8] c.m.c.m.N.countByExample                 : ==>  Preparing: select count(*) from notification WHERE ( receiver = ? and status = ? ) 
2021-06-02 10:40:22.295 DEBUG 2536 --- [http-nio-80-exec-9] c.m.c.mapper.UserMapper.selectByExample  : ==>  Preparing: select id, account_id, name, token, gmt_create, gmt_modified, bio, avatar_url from usertest WHERE ( token = ? ) 
2021-06-02 10:40:22.295 DEBUG 2536 --- [http-nio-80-exec-8] c.m.c.m.N.countByExample                 : ==> Parameters: 2(Long), 0(Integer)
2021-06-02 10:40:22.293 DEBUG 2536 --- [http-nio-80-exec-3] c.m.c.mapper.UserMapper.selectByExample  : ==> Parameters: e5a6bb10-8b49-4bdc-89ee-1382b58a1c7e(String)
2021-06-02 10:40:22.295 DEBUG 2536 --- [http-nio-80-exec-9] c.m.c.mapper.UserMapper.selectByExample  : ==> Parameters: e5a6bb10-8b49-4bdc-89ee-1382b58a1c7e(String)
2021-06-02 10:40:22.296 DEBUG 2536 --- [http-nio-80-exec-8] c.m.c.m.N.countByExample                 : <==      Total: 1
2021-06-02 10:40:22.297 DEBUG 2536 --- [http-nio-80-exec-3] c.m.c.mapper.UserMapper.selectByExample  : <==      Total: 1
2021-06-02 10:40:22.297 DEBUG 2536 --- [http-nio-80-exec-9] c.m.c.mapper.UserMapper.selectByExample  : <==      Total: 1
2021-06-02 10:40:22.298 DEBUG 2536 --- [http-nio-80-exec-3] c.m.c.m.N.countByExample                 : ==>  Preparing: select count(*) from notification WHERE ( receiver = ? and status = ? ) 
2021-06-02 10:40:22.298 DEBUG 2536 --- [http-nio-80-exec-3] c.m.c.m.N.countByExample                 : ==> Parameters: 2(Long), 0(Integer)
2021-06-02 10:40:22.298 DEBUG 2536 --- [http-nio-80-exec-9] c.m.c.m.N.countByExample                 : ==>  Preparing: select count(*) from notification WHERE ( receiver = ? and status = ? ) 
2021-06-02 10:40:22.294 DEBUG 2536 --- [http-nio-80-exec-2] c.m.c.mapper.UserMapper.selectByExample  : ==>  Preparing: select id, account_id, name, token, gmt_create, gmt_modified, bio, avatar_url from usertest WHERE ( token = ? ) 
2021-06-02 10:40:22.299 DEBUG 2536 --- [http-nio-80-exec-3] c.m.c.m.N.countByExample                 : <==      Total: 1
2021-06-02 10:40:22.299 DEBUG 2536 --- [http-nio-80-exec-9] c.m.c.m.N.countByExample                 : ==> Parameters: 2(Long), 0(Integer)
2021-06-02 10:40:22.299 DEBUG 2536 --- [http-nio-80-exec-2] c.m.c.mapper.UserMapper.selectByExample  : ==> Parameters: e5a6bb10-8b49-4bdc-89ee-1382b58a1c7e(String)
2021-06-02 10:40:22.301 DEBUG 2536 --- [http-nio-80-exec-2] c.m.c.mapper.UserMapper.selectByExample  : <==      Total: 1
2021-06-02 10:40:22.301 DEBUG 2536 --- [http-nio-80-exec-9] c.m.c.m.N.countByExample                 : <==      Total: 1
2021-06-02 10:40:22.304 DEBUG 2536 --- [http-nio-80-exec-2] c.m.c.m.N.countByExample                 : ==>  Preparing: select count(*) from notification WHERE ( receiver = ? and status = ? ) 
2021-06-02 10:40:22.305 DEBUG 2536 --- [http-nio-80-exec-2] c.m.c.m.N.countByExample                 : ==> Parameters: 2(Long), 0(Integer)
2021-06-02 10:40:22.309 DEBUG 2536 --- [http-nio-80-exec-2] c.m.c.m.N.countByExample                 : <==      Total: 1
2021-06-02 10:40:22.453 DEBUG 2536 --- [http-nio-80-exec-4] c.m.c.mapper.UserMapper.selectByExample  : ==>  Preparing: select id, account_id, name, token, gmt_create, gmt_modified, bio, avatar_url from usertest WHERE ( token = ? ) 
2021-06-02 10:40:22.454 DEBUG 2536 --- [http-nio-80-exec-4] c.m.c.mapper.UserMapper.selectByExample  : ==> Parameters: e5a6bb10-8b49-4bdc-89ee-1382b58a1c7e(String)
2021-06-02 10:40:22.455 DEBUG 2536 --- [http-nio-80-exec-4] c.m.c.mapper.UserMapper.selectByExample  : <==      Total: 1
2021-06-02 10:40:22.457 DEBUG 2536 --- [http-nio-80-exec-4] c.m.c.m.N.countByExample                 : ==>  Preparing: select count(*) from notification WHERE ( receiver = ? and status = ? ) 
2021-06-02 10:40:22.457 DEBUG 2536 --- [http-nio-80-exec-4] c.m.c.m.N.countByExample                 : ==> Parameters: 2(Long), 0(Integer)
2021-06-02 10:40:22.458 DEBUG 2536 --- [http-nio-80-exec-4] c.m.c.m.N.countByExample                 : <==      Total: 1
2021-06-02 10:40:22.515 DEBUG 2536 --- [http-nio-80-exec-10] c.m.c.mapper.UserMapper.selectByExample  : ==>  Preparing: select id, account_id, name, token, gmt_create, gmt_modified, bio, avatar_url from usertest WHERE ( token = ? ) 
2021-06-02 10:40:22.515 DEBUG 2536 --- [http-nio-80-exec-10] c.m.c.mapper.UserMapper.selectByExample  : ==> Parameters: e5a6bb10-8b49-4bdc-89ee-1382b58a1c7e(String)
2021-06-02 10:40:22.516 DEBUG 2536 --- [http-nio-80-exec-10] c.m.c.mapper.UserMapper.selectByExample  : <==      Total: 1
2021-06-02 10:40:22.516 DEBUG 2536 --- [http-nio-80-exec-10] c.m.c.m.N.countByExample                 : ==>  Preparing: select count(*) from notification WHERE ( receiver = ? and status = ? ) 
2021-06-02 10:40:22.516 DEBUG 2536 --- [http-nio-80-exec-10] c.m.c.m.N.countByExample                 : ==> Parameters: 2(Long), 0(Integer)
2021-06-02 10:40:22.517 DEBUG 2536 --- [http-nio-80-exec-10] c.m.c.m.N.countByExample                 : <==      Total: 1
2021-06-02 10:40:22.587 DEBUG 2536 --- [http-nio-80-exec-1] c.m.c.mapper.UserMapper.selectByExample  : ==>  Preparing: select id, account_id, name, token, gmt_create, gmt_modified, bio, avatar_url from usertest WHERE ( token = ? ) 
2021-06-02 10:40:22.588 DEBUG 2536 --- [http-nio-80-exec-1] c.m.c.mapper.UserMapper.selectByExample  : ==> Parameters: e5a6bb10-8b49-4bdc-89ee-1382b58a1c7e(String)
2021-06-02 10:40:22.588 DEBUG 2536 --- [http-nio-80-exec-1] c.m.c.mapper.UserMapper.selectByExample  : <==      Total: 1
2021-06-02 10:40:22.589 DEBUG 2536 --- [http-nio-80-exec-1] c.m.c.m.N.countByExample                 : ==>  Preparing: select count(*) from notification WHERE ( receiver = ? and status = ? ) 
2021-06-02 10:40:22.589 DEBUG 2536 --- [http-nio-80-exec-1] c.m.c.m.N.countByExample                 : ==> Parameters: 2(Long), 0(Integer)
2021-06-02 10:40:22.590 DEBUG 2536 --- [http-nio-80-exec-1] c.m.c.m.N.countByExample                 : <==      Total: 1
2021-06-02 10:40:22.601 DEBUG 2536 --- [http-nio-80-exec-5] c.m.c.mapper.UserMapper.selectByExample  : ==>  Preparing: select id, account_id, name, token, gmt_create, gmt_modified, bio, avatar_url from usertest WHERE ( token = ? ) 
2021-06-02 10:40:22.602 DEBUG 2536 --- [http-nio-80-exec-5] c.m.c.mapper.UserMapper.selectByExample  : ==> Parameters: e5a6bb10-8b49-4bdc-89ee-1382b58a1c7e(String)
2021-06-02 10:40:22.603 DEBUG 2536 --- [http-nio-80-exec-5] c.m.c.mapper.UserMapper.selectByExample  : <==      Total: 1
2021-06-02 10:40:22.604 DEBUG 2536 --- [http-nio-80-exec-5] c.m.c.m.N.countByExample                 : ==>  Preparing: select count(*) from notification WHERE ( receiver = ? and status = ? ) 
2021-06-02 10:40:22.604 DEBUG 2536 --- [http-nio-80-exec-5] c.m.c.m.N.countByExample                 : ==> Parameters: 2(Long), 0(Integer)
2021-06-02 10:40:22.605 DEBUG 2536 --- [http-nio-80-exec-5] c.m.c.m.N.countByExample                 : <==      Total: 1
2021-06-02 10:40:22.625 DEBUG 2536 --- [http-nio-80-exec-6] c.m.c.mapper.UserMapper.selectByExample  : ==>  Preparing: select id, account_id, name, token, gmt_create, gmt_modified, bio, avatar_url from usertest WHERE ( token = ? ) 
2021-06-02 10:40:22.625 DEBUG 2536 --- [http-nio-80-exec-6] c.m.c.mapper.UserMapper.selectByExample  : ==> Parameters: e5a6bb10-8b49-4bdc-89ee-1382b58a1c7e(String)
2021-06-02 10:40:22.626 DEBUG 2536 --- [http-nio-80-exec-6] c.m.c.mapper.UserMapper.selectByExample  : <==      Total: 1
2021-06-02 10:40:22.627 DEBUG 2536 --- [http-nio-80-exec-6] c.m.c.m.N.countByExample                 : ==>  Preparing: select count(*) from notification WHERE ( receiver = ? and status = ? ) 
2021-06-02 10:40:22.628 DEBUG 2536 --- [http-nio-80-exec-6] c.m.c.m.N.countByExample                 : ==> Parameters: 2(Long), 0(Integer)
2021-06-02 10:40:22.628 DEBUG 2536 --- [http-nio-80-exec-6] c.m.c.m.N.countByExample                 : <==      Total: 1
2021-06-02 10:40:29.039 DEBUG 2536 --- [http-nio-80-exec-9] c.m.c.mapper.UserMapper.selectByExample  : ==>  Preparing: select id, account_id, name, token, gmt_create, gmt_modified, bio, avatar_url from usertest WHERE ( token = ? ) 
2021-06-02 10:40:29.041 DEBUG 2536 --- [http-nio-80-exec-9] c.m.c.mapper.UserMapper.selectByExample  : ==> Parameters: e5a6bb10-8b49-4bdc-89ee-1382b58a1c7e(String)
2021-06-02 10:40:29.044 DEBUG 2536 --- [http-nio-80-exec-9] c.m.c.mapper.UserMapper.selectByExample  : <==      Total: 1
2021-06-02 10:40:29.046 DEBUG 2536 --- [http-nio-80-exec-9] c.m.c.m.N.countByExample                 : ==>  Preparing: select count(*) from notification WHERE ( receiver = ? and status = ? ) 
2021-06-02 10:40:29.047 DEBUG 2536 --- [http-nio-80-exec-9] c.m.c.m.N.countByExample                 : ==> Parameters: 2(Long), 0(Integer)
2021-06-02 10:40:29.050 DEBUG 2536 --- [http-nio-80-exec-9] c.m.c.m.N.countByExample                 : <==      Total: 1
2021-06-02 10:40:29.054 DEBUG 2536 --- [http-nio-80-exec-9] c.m.c.m.QuestionExtMapper.countBySearch  : ==>  Preparing: select count(*) from question 
2021-06-02 10:40:29.054 DEBUG 2536 --- [http-nio-80-exec-9] c.m.c.m.QuestionExtMapper.countBySearch  : ==> Parameters: 
2021-06-02 10:40:29.055 DEBUG 2536 --- [http-nio-80-exec-9] c.m.c.m.QuestionExtMapper.countBySearch  : <==      Total: 1
2021-06-02 10:40:29.056 DEBUG 2536 --- [http-nio-80-exec-9] c.m.c.m.Q.selectBySearch                 : ==>  Preparing: select * from question order by gmt_create desc limit ?,? 
2021-06-02 10:40:29.057 DEBUG 2536 --- [http-nio-80-exec-9] c.m.c.m.Q.selectBySearch                 : ==> Parameters: 0(Integer), 7(Integer)
2021-06-02 10:40:29.060 DEBUG 2536 --- [http-nio-80-exec-9] c.m.c.m.Q.selectBySearch                 : <==      Total: 7
2021-06-02 10:40:29.060 DEBUG 2536 --- [http-nio-80-exec-9] c.m.c.m.UserMapper.selectByPrimaryKey    : ==>  Preparing: select id, account_id, name, token, gmt_create, gmt_modified, bio, avatar_url from usertest where id = ? 
2021-06-02 10:40:29.061 DEBUG 2536 --- [http-nio-80-exec-9] c.m.c.m.UserMapper.selectByPrimaryKey    : ==> Parameters: 7(Long)
2021-06-02 10:40:29.062 DEBUG 2536 --- [http-nio-80-exec-9] c.m.c.m.UserMapper.selectByPrimaryKey    : <==      Total: 1
2021-06-02 10:40:29.063 DEBUG 2536 --- [http-nio-80-exec-9] c.m.c.m.UserMapper.selectByPrimaryKey    : ==>  Preparing: select id, account_id, name, token, gmt_create, gmt_modified, bio, avatar_url from usertest where id = ? 
2021-06-02 10:40:29.063 DEBUG 2536 --- [http-nio-80-exec-9] c.m.c.m.UserMapper.selectByPrimaryKey    : ==> Parameters: 6(Long)
2021-06-02 10:40:29.064 DEBUG 2536 --- [http-nio-80-exec-9] c.m.c.m.UserMapper.selectByPrimaryKey    : <==      Total: 1
2021-06-02 10:40:29.064 DEBUG 2536 --- [http-nio-80-exec-9] c.m.c.m.UserMapper.selectByPrimaryKey    : ==>  Preparing: select id, account_id, name, token, gmt_create, gmt_modified, bio, avatar_url from usertest where id = ? 
2021-06-02 10:40:29.065 DEBUG 2536 --- [http-nio-80-exec-9] c.m.c.m.UserMapper.selectByPrimaryKey    : ==> Parameters: 1(Long)
2021-06-02 10:40:29.065 DEBUG 2536 --- [http-nio-80-exec-9] c.m.c.m.UserMapper.selectByPrimaryKey    : <==      Total: 1
2021-06-02 10:40:29.066 DEBUG 2536 --- [http-nio-80-exec-9] c.m.c.m.UserMapper.selectByPrimaryKey    : ==>  Preparing: select id, account_id, name, token, gmt_create, gmt_modified, bio, avatar_url from usertest where id = ? 
2021-06-02 10:40:29.066 DEBUG 2536 --- [http-nio-80-exec-9] c.m.c.m.UserMapper.selectByPrimaryKey    : ==> Parameters: 1(Long)
2021-06-02 10:40:29.067 DEBUG 2536 --- [http-nio-80-exec-9] c.m.c.m.UserMapper.selectByPrimaryKey    : <==      Total: 1
2021-06-02 10:40:29.067 DEBUG 2536 --- [http-nio-80-exec-9] c.m.c.m.UserMapper.selectByPrimaryKey    : ==>  Preparing: select id, account_id, name, token, gmt_create, gmt_modified, bio, avatar_url from usertest where id = ? 
2021-06-02 10:40:29.067 DEBUG 2536 --- [http-nio-80-exec-9] c.m.c.m.UserMapper.selectByPrimaryKey    : ==> Parameters: 1(Long)
2021-06-02 10:40:29.068 DEBUG 2536 --- [http-nio-80-exec-9] c.m.c.m.UserMapper.selectByPrimaryKey    : <==      Total: 1
2021-06-02 10:40:29.068 DEBUG 2536 --- [http-nio-80-exec-9] c.m.c.m.UserMapper.selectByPrimaryKey    : ==>  Preparing: select id, account_id, name, token, gmt_create, gmt_modified, bio, avatar_url from usertest where id = ? 
2021-06-02 10:40:29.068 DEBUG 2536 --- [http-nio-80-exec-9] c.m.c.m.UserMapper.selectByPrimaryKey    : ==> Parameters: 1(Long)
2021-06-02 10:40:29.069 DEBUG 2536 --- [http-nio-80-exec-9] c.m.c.m.UserMapper.selectByPrimaryKey    : <==      Total: 1
2021-06-02 10:40:29.069 DEBUG 2536 --- [http-nio-80-exec-9] c.m.c.m.UserMapper.selectByPrimaryKey    : ==>  Preparing: select id, account_id, name, token, gmt_create, gmt_modified, bio, avatar_url from usertest where id = ? 
2021-06-02 10:40:29.069 DEBUG 2536 --- [http-nio-80-exec-9] c.m.c.m.UserMapper.selectByPrimaryKey    : ==> Parameters: 1(Long)
2021-06-02 10:40:29.070 DEBUG 2536 --- [http-nio-80-exec-9] c.m.c.m.UserMapper.selectByPrimaryKey    : <==      Total: 1
2021-06-02 10:40:29.070 DEBUG 2536 --- [http-nio-80-exec-9] c.m.c.m.QuestionExtMapper.selectPopular  : ==>  Preparing: select * from question order by view_count desc limit 15 
2021-06-02 10:40:29.070 DEBUG 2536 --- [http-nio-80-exec-9] c.m.c.m.QuestionExtMapper.selectPopular  : ==> Parameters: 
2021-06-02 10:40:29.071 DEBUG 2536 --- [http-nio-80-exec-9] c.m.c.m.QuestionExtMapper.selectPopular  : <==      Total: 7
2021-06-02 10:40:29.072 DEBUG 2536 --- [http-nio-80-exec-9] c.m.c.m.QuestionExtMapper.selectTop      : ==>  Preparing: select * from question order by comment_count desc limit 10 
2021-06-02 10:40:29.072 DEBUG 2536 --- [http-nio-80-exec-9] c.m.c.m.QuestionExtMapper.selectTop      : ==> Parameters: 
2021-06-02 10:40:29.073 DEBUG 2536 --- [http-nio-80-exec-9] c.m.c.m.QuestionExtMapper.selectTop      : <==      Total: 7
2021-06-02 10:40:29.073 DEBUG 2536 --- [http-nio-80-exec-9] c.m.c.mapper.UserExtMapper.selectUser    : ==>  Preparing: select * from usertest order by gmt_create desc limit 10 
2021-06-02 10:40:29.073 DEBUG 2536 --- [http-nio-80-exec-9] c.m.c.mapper.UserExtMapper.selectUser    : ==> Parameters: 
2021-06-02 10:40:29.075 DEBUG 2536 --- [http-nio-80-exec-9] c.m.c.mapper.UserExtMapper.selectUser    : <==      Total: 10
2021-06-02 10:40:29.107 DEBUG 2536 --- [http-nio-80-exec-7] c.m.c.mapper.UserMapper.selectByExample  : ==>  Preparing: select id, account_id, name, token, gmt_create, gmt_modified, bio, avatar_url from usertest WHERE ( token = ? ) 
2021-06-02 10:40:29.107 DEBUG 2536 --- [http-nio-80-exec-7] c.m.c.mapper.UserMapper.selectByExample  : ==> Parameters: e5a6bb10-8b49-4bdc-89ee-1382b58a1c7e(String)
2021-06-02 10:40:29.107 DEBUG 2536 --- [http-nio-80-exec-8] c.m.c.mapper.UserMapper.selectByExample  : ==>  Preparing: select id, account_id, name, token, gmt_create, gmt_modified, bio, avatar_url from usertest WHERE ( token = ? ) 
2021-06-02 10:40:29.107 DEBUG 2536 --- [http-nio-80-exec-3] c.m.c.mapper.UserMapper.selectByExample  : ==>  Preparing: select id, account_id, name, token, gmt_create, gmt_modified, bio, avatar_url from usertest WHERE ( token = ? ) 
2021-06-02 10:40:29.108 DEBUG 2536 --- [http-nio-80-exec-3] c.m.c.mapper.UserMapper.selectByExample  : ==> Parameters: e5a6bb10-8b49-4bdc-89ee-1382b58a1c7e(String)
2021-06-02 10:40:29.108 DEBUG 2536 --- [http-nio-80-exec-8] c.m.c.mapper.UserMapper.selectByExample  : ==> Parameters: e5a6bb10-8b49-4bdc-89ee-1382b58a1c7e(String)
2021-06-02 10:40:29.108 DEBUG 2536 --- [http-nio-80-exec-7] c.m.c.mapper.UserMapper.selectByExample  : <==      Total: 1
2021-06-02 10:40:29.109 DEBUG 2536 --- [http-nio-80-exec-8] c.m.c.mapper.UserMapper.selectByExample  : <==      Total: 1
2021-06-02 10:40:29.109 DEBUG 2536 --- [http-nio-80-exec-8] c.m.c.m.N.countByExample                 : ==>  Preparing: select count(*) from notification WHERE ( receiver = ? and status = ? ) 
2021-06-02 10:40:29.110 DEBUG 2536 --- [http-nio-80-exec-8] c.m.c.m.N.countByExample                 : ==> Parameters: 2(Long), 0(Integer)
2021-06-02 10:40:29.110 DEBUG 2536 --- [http-nio-80-exec-3] c.m.c.mapper.UserMapper.selectByExample  : <==      Total: 1
2021-06-02 10:40:29.110 DEBUG 2536 --- [http-nio-80-exec-7] c.m.c.m.N.countByExample                 : ==>  Preparing: select count(*) from notification WHERE ( receiver = ? and status = ? ) 
2021-06-02 10:40:29.110 DEBUG 2536 --- [http-nio-80-exec-7] c.m.c.m.N.countByExample                 : ==> Parameters: 2(Long), 0(Integer)
2021-06-02 10:40:29.111 DEBUG 2536 --- [http-nio-80-exec-3] c.m.c.m.N.countByExample                 : ==>  Preparing: select count(*) from notification WHERE ( receiver = ? and status = ? ) 
2021-06-02 10:40:29.111 DEBUG 2536 --- [http-nio-80-exec-2] c.m.c.mapper.UserMapper.selectByExample  : ==>  Preparing: select id, account_id, name, token, gmt_create, gmt_modified, bio, avatar_url from usertest WHERE ( token = ? ) 
2021-06-02 10:40:29.111 DEBUG 2536 --- [http-nio-80-exec-8] c.m.c.m.N.countByExample                 : <==      Total: 1
2021-06-02 10:40:29.111 DEBUG 2536 --- [http-nio-80-exec-3] c.m.c.m.N.countByExample                 : ==> Parameters: 2(Long), 0(Integer)
2021-06-02 10:40:29.111 DEBUG 2536 --- [http-nio-80-exec-2] c.m.c.mapper.UserMapper.selectByExample  : ==> Parameters: e5a6bb10-8b49-4bdc-89ee-1382b58a1c7e(String)
2021-06-02 10:40:29.112 DEBUG 2536 --- [http-nio-80-exec-7] c.m.c.m.N.countByExample                 : <==      Total: 1
2021-06-02 10:40:29.112 DEBUG 2536 --- [http-nio-80-exec-3] c.m.c.m.N.countByExample                 : <==      Total: 1
2021-06-02 10:40:29.112 DEBUG 2536 --- [http-nio-80-exec-2] c.m.c.mapper.UserMapper.selectByExample  : <==      Total: 1
2021-06-02 10:40:29.113 DEBUG 2536 --- [http-nio-80-exec-2] c.m.c.m.N.countByExample                 : ==>  Preparing: select count(*) from notification WHERE ( receiver = ? and status = ? ) 
2021-06-02 10:40:29.113 DEBUG 2536 --- [http-nio-80-exec-2] c.m.c.m.N.countByExample                 : ==> Parameters: 2(Long), 0(Integer)
2021-06-02 10:40:29.116 DEBUG 2536 --- [http-nio-80-exec-4] c.m.c.mapper.UserMapper.selectByExample  : ==>  Preparing: select id, account_id, name, token, gmt_create, gmt_modified, bio, avatar_url from usertest WHERE ( token = ? ) 
2021-06-02 10:40:29.116 DEBUG 2536 --- [http-nio-80-exec-2] c.m.c.m.N.countByExample                 : <==      Total: 1
2021-06-02 10:40:29.122 DEBUG 2536 --- [http-nio-80-exec-4] c.m.c.mapper.UserMapper.selectByExample  : ==> Parameters: e5a6bb10-8b49-4bdc-89ee-1382b58a1c7e(String)
2021-06-02 10:40:29.124 DEBUG 2536 --- [http-nio-80-exec-4] c.m.c.mapper.UserMapper.selectByExample  : <==      Total: 1
2021-06-02 10:40:29.125 DEBUG 2536 --- [http-nio-80-exec-4] c.m.c.m.N.countByExample                 : ==>  Preparing: select count(*) from notification WHERE ( receiver = ? and status = ? ) 
2021-06-02 10:40:29.125 DEBUG 2536 --- [http-nio-80-exec-4] c.m.c.m.N.countByExample                 : ==> Parameters: 2(Long), 0(Integer)
2021-06-02 10:40:29.126 DEBUG 2536 --- [http-nio-80-exec-4] c.m.c.m.N.countByExample                 : <==      Total: 1
2021-06-02 10:40:29.134 DEBUG 2536 --- [http-nio-80-exec-10] c.m.c.mapper.UserMapper.selectByExample  : ==>  Preparing: select id, account_id, name, token, gmt_create, gmt_modified, bio, avatar_url from usertest WHERE ( token = ? ) 
2021-06-02 10:40:29.134 DEBUG 2536 --- [http-nio-80-exec-10] c.m.c.mapper.UserMapper.selectByExample  : ==> Parameters: e5a6bb10-8b49-4bdc-89ee-1382b58a1c7e(String)
2021-06-02 10:40:29.135 DEBUG 2536 --- [http-nio-80-exec-10] c.m.c.mapper.UserMapper.selectByExample  : <==      Total: 1
2021-06-02 10:40:29.136 DEBUG 2536 --- [http-nio-80-exec-10] c.m.c.m.N.countByExample                 : ==>  Preparing: select count(*) from notification WHERE ( receiver = ? and status = ? ) 
2021-06-02 10:40:29.137 DEBUG 2536 --- [http-nio-80-exec-10] c.m.c.m.N.countByExample                 : ==> Parameters: 2(Long), 0(Integer)
2021-06-02 10:40:29.138 DEBUG 2536 --- [http-nio-80-exec-10] c.m.c.m.N.countByExample                 : <==      Total: 1
2021-06-02 10:40:29.146 DEBUG 2536 --- [http-nio-80-exec-1] c.m.c.mapper.UserMapper.selectByExample  : ==>  Preparing: select id, account_id, name, token, gmt_create, gmt_modified, bio, avatar_url from usertest WHERE ( token = ? ) 
2021-06-02 10:40:29.146 DEBUG 2536 --- [http-nio-80-exec-1] c.m.c.mapper.UserMapper.selectByExample  : ==> Parameters: e5a6bb10-8b49-4bdc-89ee-1382b58a1c7e(String)
2021-06-02 10:40:29.146 DEBUG 2536 --- [http-nio-80-exec-5] c.m.c.mapper.UserMapper.selectByExample  : ==>  Preparing: select id, account_id, name, token, gmt_create, gmt_modified, bio, avatar_url from usertest WHERE ( token = ? ) 
2021-06-02 10:40:29.147 DEBUG 2536 --- [http-nio-80-exec-1] c.m.c.mapper.UserMapper.selectByExample  : <==      Total: 1
2021-06-02 10:40:29.147 DEBUG 2536 --- [http-nio-80-exec-5] c.m.c.mapper.UserMapper.selectByExample  : ==> Parameters: e5a6bb10-8b49-4bdc-89ee-1382b58a1c7e(String)
2021-06-02 10:40:29.148 DEBUG 2536 --- [http-nio-80-exec-1] c.m.c.m.N.countByExample                 : ==>  Preparing: select count(*) from notification WHERE ( receiver = ? and status = ? ) 
2021-06-02 10:40:29.149 DEBUG 2536 --- [http-nio-80-exec-5] c.m.c.mapper.UserMapper.selectByExample  : <==      Total: 1
2021-06-02 10:40:29.149 DEBUG 2536 --- [http-nio-80-exec-1] c.m.c.m.N.countByExample                 : ==> Parameters: 2(Long), 0(Integer)
2021-06-02 10:40:29.149 DEBUG 2536 --- [http-nio-80-exec-5] c.m.c.m.N.countByExample                 : ==>  Preparing: select count(*) from notification WHERE ( receiver = ? and status = ? ) 
2021-06-02 10:40:29.149 DEBUG 2536 --- [http-nio-80-exec-1] c.m.c.m.N.countByExample                 : <==      Total: 1
2021-06-02 10:40:29.149 DEBUG 2536 --- [http-nio-80-exec-5] c.m.c.m.N.countByExample                 : ==> Parameters: 2(Long), 0(Integer)
2021-06-02 10:40:29.150 DEBUG 2536 --- [http-nio-80-exec-5] c.m.c.m.N.countByExample                 : <==      Total: 1
2021-06-02 10:40:29.153 DEBUG 2536 --- [http-nio-80-exec-6] c.m.c.mapper.UserMapper.selectByExample  : ==>  Preparing: select id, account_id, name, token, gmt_create, gmt_modified, bio, avatar_url from usertest WHERE ( token = ? ) 
2021-06-02 10:40:29.153 DEBUG 2536 --- [http-nio-80-exec-6] c.m.c.mapper.UserMapper.selectByExample  : ==> Parameters: e5a6bb10-8b49-4bdc-89ee-1382b58a1c7e(String)
2021-06-02 10:40:29.154 DEBUG 2536 --- [http-nio-80-exec-6] c.m.c.mapper.UserMapper.selectByExample  : <==      Total: 1
2021-06-02 10:40:29.155 DEBUG 2536 --- [http-nio-80-exec-6] c.m.c.m.N.countByExample                 : ==>  Preparing: select count(*) from notification WHERE ( receiver = ? and status = ? ) 
2021-06-02 10:40:29.155 DEBUG 2536 --- [http-nio-80-exec-6] c.m.c.m.N.countByExample                 : ==> Parameters: 2(Long), 0(Integer)
2021-06-02 10:40:29.157 DEBUG 2536 --- [http-nio-80-exec-6] c.m.c.m.N.countByExample                 : <==      Total: 1
2021-06-02 10:40:29.172 DEBUG 2536 --- [http-nio-80-exec-9] c.m.c.mapper.UserMapper.selectByExample  : ==>  Preparing: select id, account_id, name, token, gmt_create, gmt_modified, bio, avatar_url from usertest WHERE ( token = ? ) 
2021-06-02 10:40:29.173 DEBUG 2536 --- [http-nio-80-exec-9] c.m.c.mapper.UserMapper.selectByExample  : ==> Parameters: e5a6bb10-8b49-4bdc-89ee-1382b58a1c7e(String)
2021-06-02 10:40:29.174 DEBUG 2536 --- [http-nio-80-exec-9] c.m.c.mapper.UserMapper.selectByExample  : <==      Total: 1
2021-06-02 10:40:29.175 DEBUG 2536 --- [http-nio-80-exec-9] c.m.c.m.N.countByExample                 : ==>  Preparing: select count(*) from notification WHERE ( receiver = ? and status = ? ) 
2021-06-02 10:40:29.175 DEBUG 2536 --- [http-nio-80-exec-9] c.m.c.m.N.countByExample                 : ==> Parameters: 2(Long), 0(Integer)
2021-06-02 10:40:29.176 DEBUG 2536 --- [http-nio-80-exec-9] c.m.c.m.N.countByExample                 : <==      Total: 1
